<?xml version="1.0" encoding="UTF-8"?>
<!-- Generated by org.testng.reporters.JUnitReportReporter -->
<testsuite hostname="admin-PC" failures="0" tests="2" name="tEstCase.TC_01_Homepage" time="68.837" errors="0" timestamp="24 Sep 2018 12:05:59 GMT" skipped="0">
  <testcase classname="tEstCase.TC_01_Homepage" name="TC01" time="25.943"/>
  <testcase classname="tEstCase.TC_01_Homepage" name="TC02" time="42.894"/>
</testsuite> <!-- tEstCase.TC_01_Homepage -->
